# JRE version: Java(TM) SE Runtime Environment (8.0_162-b12) (build 1.8.0_162-b12)
# Java VM: Java HotSpot(TM) 64-Bit Server VM (25.162-b12 mixed mode windows-amd64 compressed oops)
Heap:
 PSYoungGen      total 144896K, used 8443K [0x00000000d5800000, 0x00000000df200000, 0x0000000100000000)
  eden space 133120K, 0% used [0x00000000d5800000,0x00000000d5800000,0x00000000dda00000)
  from space 11776K, 71% used [0x00000000de680000,0x00000000deebee08,0x00000000df200000)
  to   space 12288K, 0% used [0x00000000dda00000,0x00000000dda00000,0x00000000de600000)
 ParOldGen       total 87552K, used 15270K [0x0000000080800000, 0x0000000085d80000, 0x00000000d5800000)
  object space 87552K, 17% used [0x0000000080800000,0x00000000816e9bb8,0x0000000085d80000)
 Metaspace       used 20652K, capacity 21108K, committed 21248K, reserved 1067008K
  class space    used 2532K, capacity 2712K, committed 2816K, reserved 1048576K
GC Heap History (10 events):
Event: 2.528 GC heap after
Heap after GC invocations=2 (full 0):
 PSYoungGen      total 38400K, used 5092K [0x00000000d5800000, 0x00000000da300000, 0x0000000100000000)
  eden space 33280K, 0% used [0x00000000d5800000,0x00000000d5800000,0x00000000d7880000)
  from space 5120K, 99% used [0x00000000d7d80000,0x00000000d82790d8,0x00000000d8280000)
  to   space 5120K, 0% used [0x00000000d7880000,0x00000000d7880000,0x00000000d7d80000)
 ParOldGen       total 87552K, used 2672K [0x0000000080800000, 0x0000000085d80000, 0x00000000d5800000)
  object space 87552K, 3% used [0x0000000080800000,0x0000000080a9c330,0x0000000085d80000)
 Metaspace       used 12416K, capacity 12576K, committed 12800K, reserved 1060864K
  class space    used 1588K, capacity 1674K, committed 1792K, reserved 1048576K
}
Event: 4.026 GC heap before
{Heap before GC invocations=3 (full 0):
 PSYoungGen      total 38400K, used 38372K [0x00000000d5800000, 0x00000000da300000, 0x0000000100000000)
  eden space 33280K, 100% used [0x00000000d5800000,0x00000000d7880000,0x00000000d7880000)
  from space 5120K, 99% used [0x00000000d7d80000,0x00000000d82790d8,0x00000000d8280000)
  to   space 5120K, 0% used [0x00000000d7880000,0x00000000d7880000,0x00000000d7d80000)
 ParOldGen       total 87552K, used 2672K [0x0000000080800000, 0x0000000085d80000, 0x00000000d5800000)
  object space 87552K, 3% used [0x0000000080800000,0x0000000080a9c330,0x0000000085d80000)
 Metaspace       used 14734K, capacity 14990K, committed 15232K, reserved 1062912K
  class space    used 1810K, capacity 1911K, committed 1920K, reserved 1048576K
Event: 4.040 GC heap after
Heap after GC invocations=3 (full 0):
 PSYoungGen      total 38400K, used 5120K [0x00000000d5800000, 0x00000000da300000, 0x0000000100000000)
  eden space 33280K, 0% used [0x00000000d5800000,0x00000000d5800000,0x00000000d7880000)
  from space 5120K, 100% used [0x00000000d7880000,0x00000000d7d80000,0x00000000d7d80000)
  to   space 5120K, 0% used [0x00000000d9e00000,0x00000000d9e00000,0x00000000da300000)
 ParOldGen       total 87552K, used 4223K [0x0000000080800000, 0x0000000085d80000, 0x00000000d5800000)
  object space 87552K, 4% used [0x0000000080800000,0x0000000080c1fd10,0x0000000085d80000)
 Metaspace       used 14734K, capacity 14990K, committed 15232K, reserved 1062912K
  class space    used 1810K, capacity 1911K, committed 1920K, reserved 1048576K
}
Event: 5.637 GC heap before
{Heap before GC invocations=4 (full 0):
 PSYoungGen      total 38400K, used 38400K [0x00000000d5800000, 0x00000000da300000, 0x0000000100000000)
  eden space 33280K, 100% used [0x00000000d5800000,0x00000000d7880000,0x00000000d7880000)
  from space 5120K, 100% used [0x00000000d7880000,0x00000000d7d80000,0x00000000d7d80000)
  to   space 5120K, 0% used [0x00000000d9e00000,0x00000000d9e00000,0x00000000da300000)
 ParOldGen       total 87552K, used 4223K [0x0000000080800000, 0x0000000085d80000, 0x00000000d5800000)
  object space 87552K, 4% used [0x0000000080800000,0x0000000080c1fd10,0x0000000085d80000)
 Metaspace       used 16854K, capacity 17210K, committed 17408K, reserved 1064960K
  class space    used 2055K, capacity 2183K, committed 2304K, reserved 1048576K
Event: 5.698 GC heap after
Heap after GC invocations=4 (full 0):
 PSYoungGen      total 71680K, used 5120K [0x00000000d5800000, 0x00000000da300000, 0x0000000100000000)
  eden space 66560K, 0% used [0x00000000d5800000,0x00000000d5800000,0x00000000d9900000)
  from space 5120K, 100% used [0x00000000d9e00000,0x00000000da300000,0x00000000da300000)
  to   space 5120K, 0% used [0x00000000d9900000,0x00000000d9900000,0x00000000d9e00000)
 ParOldGen       total 87552K, used 8064K [0x0000000080800000, 0x0000000085d80000, 0x00000000d5800000)
  object space 87552K, 9% used [0x0000000080800000,0x0000000080fe0220,0x0000000085d80000)
 Metaspace       used 16854K, capacity 17210K, committed 17408K, reserved 1064960K
  class space    used 2055K, capacity 2183K, committed 2304K, reserved 1048576K
}
Event: 8.548 GC heap before
{Heap before GC invocations=5 (full 0):
 PSYoungGen      total 71680K, used 71680K [0x00000000d5800000, 0x00000000da300000, 0x0000000100000000)
  eden space 66560K, 100% used [0x00000000d5800000,0x00000000d9900000,0x00000000d9900000)
  from space 5120K, 100% used [0x00000000d9e00000,0x00000000da300000,0x00000000da300000)
  to   space 5120K, 0% used [0x00000000d9900000,0x00000000d9900000,0x00000000d9e00000)
 ParOldGen       total 87552K, used 8064K [0x0000000080800000, 0x0000000085d80000, 0x00000000d5800000)
  object space 87552K, 9% used [0x0000000080800000,0x0000000080fe0220,0x0000000085d80000)
 Metaspace       used 18550K, capacity 18956K, committed 19072K, reserved 1067008K
  class space    used 2231K, capacity 2400K, committed 2432K, reserved 1048576K
Event: 8.569 GC heap after
Heap after GC invocations=5 (full 0):
 PSYoungGen      total 71680K, used 5120K [0x00000000d5800000, 0x00000000df300000, 0x0000000100000000)
  eden space 66560K, 0% used [0x00000000d5800000,0x00000000d5800000,0x00000000d9900000)
  from space 5120K, 100% used [0x00000000d9900000,0x00000000d9e00000,0x00000000d9e00000)
  to   space 12800K, 0% used [0x00000000de680000,0x00000000de680000,0x00000000df300000)
 ParOldGen       total 87552K, used 15270K [0x0000000080800000, 0x0000000085d80000, 0x00000000d5800000)
  object space 87552K, 17% used [0x0000000080800000,0x00000000816e9bb8,0x0000000085d80000)
 Metaspace       used 18550K, capacity 18956K, committed 19072K, reserved 1067008K
  class space    used 2231K, capacity 2400K, committed 2432K, reserved 1048576K
}
Event: 10.475 GC heap before
{Heap before GC invocations=6 (full 0):
 PSYoungGen      total 71680K, used 42834K [0x00000000d5800000, 0x00000000df300000, 0x0000000100000000)
  eden space 66560K, 56% used [0x00000000d5800000,0x00000000d7cd4ae8,0x00000000d9900000)
  from space 5120K, 100% used [0x00000000d9900000,0x00000000d9e00000,0x00000000d9e00000)
  to   space 12800K, 0% used [0x00000000de680000,0x00000000de680000,0x00000000df300000)
 ParOldGen       total 87552K, used 15270K [0x0000000080800000, 0x0000000085d80000, 0x00000000d5800000)
  object space 87552K, 17% used [0x0000000080800000,0x00000000816e9bb8,0x0000000085d80000)
 Metaspace       used 20652K, capacity 21108K, committed 21248K, reserved 1067008K
  class space    used 2532K, capacity 2712K, committed 2816K, reserved 1048576K
Event: 10.501 GC heap after
Heap after GC invocations=6 (full 0):
 PSYoungGen      total 144896K, used 8443K [0x00000000d5800000, 0x00000000df200000, 0x0000000100000000)
  eden space 133120K, 0% used [0x00000000d5800000,0x00000000d5800000,0x00000000dda00000)
  from space 11776K, 71% used [0x00000000de680000,0x00000000deebee08,0x00000000df200000)
  to   space 12288K, 0% used [0x00000000dda00000,0x00000000dda00000,0x00000000de600000)
 ParOldGen       total 87552K, used 15270K [0x0000000080800000, 0x0000000085d80000, 0x00000000d5800000)
  object space 87552K, 17% used [0x0000000080800000,0x00000000816e9bb8,0x0000000085d80000)
 Metaspace       used 20652K, capacity 21108K, committed 21248K, reserved 1067008K
  class space    used 2532K, capacity 2712K, committed 2816K, reserved 1048576K
}
Event: 10.501 GC heap before
{Heap before GC invocations=7 (full 1):
 PSYoungGen      total 144896K, used 8443K [0x00000000d5800000, 0x00000000df200000, 0x0000000100000000)
  eden space 133120K, 0% used [0x00000000d5800000,0x00000000d5800000,0x00000000dda00000)
  from space 11776K, 71% used [0x00000000de680000,0x00000000deebee08,0x00000000df200000)
  to   space 12288K, 0% used [0x00000000dda00000,0x00000000dda00000,0x00000000de600000)
 ParOldGen       total 87552K, used 15270K [0x0000000080800000, 0x0000000085d80000, 0x00000000d5800000)
  object space 87552K, 17% used [0x0000000080800000,0x00000000816e9bb8,0x0000000085d80000)
 Metaspace       used 20652K, capacity 21108K, committed 21248K, reserved 1067008K
  class space    used 2532K, capacity 2712K, committed 2816K, reserved 1048576K

